<?xml version="1.0" encoding="UTF-8"?>
<!-- Generated by org.testng.reporters.JUnitXMLReporter -->
<testsuite ignored="0" hostname="INLEN8520080577" failures="0" tests="4" name="Default test" time="131.057" errors="0" timestamp="2023-03-04T09:35:32 IST">
  <testcase classname="com.demo.Signup.pagepay" name="Unsuccessful_sign_up_with_invalid_email" time="30.688"/>
  <testcase classname="com.demo.Signup.pagepay" name="Unsuccessful_sign_up_with_invalid_existing_email" time="29.956"/>
  <testcase classname="com.demo.Signup.pagepay" name="Unsuccessful_sign_up_with_invalid_phonenumber" time="30.185"/>
  <testcase classname="com.demo.Signup.pagepay" name="succesSuccessful_sign_up" time="40.183"/>
</testsuite> <!-- Default test -->
